Watching for file changes with StatReloader
Not Found: /
[23/Jan/2024 04:02:04] "GET / HTTP/1.1" 404 2166
Not Found: /
[23/Jan/2024 04:02:05] "GET / HTTP/1.1" 404 2166
Not Found: /
[23/Jan/2024 04:02:11] "GET / HTTP/1.1" 404 2166
Not Found: /
[23/Jan/2024 04:02:12] "GET / HTTP/1.1" 404 2166
[23/Jan/2024 04:02:17] "GET /admin/ HTTP/1.1" 200 6456
Not Found: /
[23/Jan/2024 04:07:38] "GET / HTTP/1.1" 404 2166
Not Found: /favicon.ico
[23/Jan/2024 04:07:38] "GET /favicon.ico HTTP/1.1" 404 2217
[23/Jan/2024 04:07:45] "GET /admin/ HTTP/1.1" 302 0
[23/Jan/2024 04:07:46] "GET /admin/login/?next=/admin/ HTTP/1.1" 200 4155
[23/Jan/2024 04:07:52] "POST /admin/login/?next=/admin/ HTTP/1.1" 302 0
[23/Jan/2024 04:07:52] "GET /admin/ HTTP/1.1" 200 6456
[23/Jan/2024 04:28:17] "GET /admin/ HTTP/1.1" 200 6456
[23/Jan/2024 04:28:19] "GET /admin/ HTTP/1.1" 200 6456
[23/Jan/2024 04:29:11] "GET /admin/ HTTP/1.1" 200 6456
[23/Jan/2024 04:29:29] "GET /admin/goal/user/ HTTP/1.1" 200 11274
[23/Jan/2024 04:29:30] "GET /admin/jsi18n/ HTTP/1.1" 200 3342
[23/Jan/2024 04:29:30] "GET /static/admin/js/core.js HTTP/1.1" 200 6208
[23/Jan/2024 04:29:30] "GET /static/admin/css/changelists.css HTTP/1.1" 200 6811
[23/Jan/2024 04:29:30] "GET /static/admin/js/vendor/jquery/jquery.js HTTP/1.1" 200 285314
[23/Jan/2024 04:29:30] "GET /static/admin/js/jquery.init.js HTTP/1.1" 200 347
[23/Jan/2024 04:29:30] "GET /static/admin/js/admin/RelatedObjectLookups.js HTTP/1.1" 200 9042
[23/Jan/2024 04:29:30] "GET /static/admin/js/actions.js HTTP/1.1" 200 8067
[23/Jan/2024 04:29:30] "GET /static/admin/js/prepopulate.js HTTP/1.1" 200 1531
[23/Jan/2024 04:29:30] "GET /static/admin/js/urlify.js HTTP/1.1" 200 7887
[23/Jan/2024 04:29:30] "GET /static/admin/js/vendor/xregexp/xregexp.js HTTP/1.1" 200 325171
[23/Jan/2024 04:29:30] "GET /static/admin/img/search.svg HTTP/1.1" 200 458
[23/Jan/2024 04:29:30] "GET /static/admin/img/icon-no.svg HTTP/1.1" 200 560
[23/Jan/2024 04:29:31] "GET /static/admin/img/icon-yes.svg HTTP/1.1" 200 436
[23/Jan/2024 04:29:31] "GET /static/admin/js/filters.js HTTP/1.1" 200 978
[23/Jan/2024 04:29:31] "GET /static/admin/img/icon-viewlink.svg HTTP/1.1" 200 581
[23/Jan/2024 04:29:31] "GET /static/admin/img/tooltag-add.svg HTTP/1.1" 200 331
[23/Jan/2024 04:29:31] "GET /static/admin/img/sorting-icons.svg HTTP/1.1" 200 1097
[23/Jan/2024 04:29:32] "GET /admin/ HTTP/1.1" 200 6456
[23/Jan/2024 04:31:51] "GET /admin/ HTTP/1.1" 200 6456
Not Found: /api/user/
[23/Jan/2024 05:02:46] "GET /api/user/ HTTP/1.1" 404 3270
Method Not Allowed: /api/user/register/
[23/Jan/2024 05:03:47] "GET /api/user/register/ HTTP/1.1" 405 53
[23/Jan/2024 05:12:53] "GET /admin/login/?next=/admin/ HTTP/1.1" 200 4155
Not Found: /
[23/Jan/2024 05:25:24] "GET / HTTP/1.1" 404 2166
